This file contains any messages produced by compilers while
running configure, to aid debugging if configure makes a mistake.

It was created by Snes9x configure 1.52, which was
generated by GNU Autoconf 2.61.  Invocation command line was

  $ ./configure 

## --------- ##
## Platform. ##
## --------- ##

hostname = hp
uname -m = x86_64
uname -r = 2.6.39-ARCH
uname -s = Linux
uname -v = #1 SMP PREEMPT Sat Jul 9 14:57:41 CEST 2011

/usr/bin/uname -p = unknown
/bin/uname -X     = unknown

/bin/arch              = x86_64
/usr/bin/arch -k       = unknown
/usr/convex/getsysinfo = unknown
/usr/bin/hostinfo      = unknown
/bin/machine           = unknown
/usr/bin/oslevel       = unknown
/bin/universe          = unknown

PATH: /usr/local/bin
PATH: /usr/bin
PATH: /bin
PATH: /usr/local/sbin
PATH: /usr/sbin
PATH: /sbin
PATH: /opt/java/jre/bin
PATH: /usr/lib/perl5/vendor_perl/bin
PATH: /usr/lib/perl5/core_perl/bin
PATH: /opt/qt/bin
PATH: /home/squarepusher64/bin
PATH: /home/squarepusher64/.gem/bin
PATH: /home/squarepusher64/bin/opt/devkitpro/devkitPPC/bin


## ----------- ##
## Core tests. ##
## ----------- ##

configure:1794: checking build system type
configure:1812: result: x86_64-unknown-linux-gnu
configure:1834: checking host system type
configure:1849: result: x86_64-unknown-linux-gnu
configure:1871: checking target system type
configure:1886: result: x86_64-unknown-linux-gnu
configure:1963: checking for gcc
configure:1979: found /usr/bin/gcc
configure:1990: result: gcc
configure:2228: checking for C compiler version
configure:2235: gcc --version >&5
gcc (GCC) 4.6.1
Copyright (C) 2011 Free Software Foundation, Inc.
This is free software; see the source for copying conditions.  There is NO
warranty; not even for MERCHANTABILITY or FITNESS FOR A PARTICULAR PURPOSE.

configure:2238: $? = 0
configure:2245: gcc -v >&5
Using built-in specs.
COLLECT_GCC=gcc
COLLECT_LTO_WRAPPER=/usr/lib/gcc/x86_64-unknown-linux-gnu/4.6.1/lto-wrapper
Target: x86_64-unknown-linux-gnu
Configured with: /build/src/gcc-4.6.1/configure --prefix=/usr --libdir=/usr/lib --libexecdir=/usr/lib --mandir=/usr/share/man --infodir=/usr/share/info --with-bugurl=https://bugs.archlinux.org/ --enable-languages=c,c++,ada,fortran,go,lto,objc,obj-c++ --enable-shared --enable-threads=posix --with-system-zlib --enable-__cxa_atexit --disable-libunwind-exceptions --enable-clocale=gnu --enable-gnu-unique-object --enable-linker-build-id --with-ppl --enable-cloog-backend=isl --enable-lto --enable-gold --enable-ld=default --enable-plugin --with-plugin-ld=ld.gold --enable-multilib --disable-libstdcxx-pch --enable-checking=release
Thread model: posix
gcc version 4.6.1 (GCC) 
configure:2248: $? = 0
configure:2255: gcc -V >&5
gcc: error: unrecognized option '-V'
gcc: fatal error: no input files
compilation terminated.
configure:2258: $? = 1
configure:2281: checking for C compiler default output file name
configure:2308: gcc    conftest.c  >&5
configure:2311: $? = 0
configure:2349: result: a.out
configure:2366: checking whether the C compiler works
configure:2376: ./a.out
configure:2379: $? = 0
configure:2396: result: yes
configure:2403: checking whether we are cross compiling
configure:2405: result: no
configure:2408: checking for suffix of executables
configure:2415: gcc -o conftest    conftest.c  >&5
configure:2418: $? = 0
configure:2442: result: 
configure:2448: checking for suffix of object files
configure:2474: gcc -c   conftest.c >&5
configure:2477: $? = 0
configure:2500: result: o
configure:2504: checking whether we are using the GNU C compiler
configure:2533: gcc -c   conftest.c >&5
configure:2539: $? = 0
configure:2556: result: yes
configure:2561: checking whether gcc accepts -g
configure:2591: gcc -c -g  conftest.c >&5
configure:2597: $? = 0
configure:2696: result: yes
configure:2713: checking for gcc option to accept ISO C89
configure:2787: gcc  -c -g -O2  conftest.c >&5
configure:2793: $? = 0
configure:2816: result: none needed
configure:2892: checking for g++
configure:2908: found /usr/bin/g++
configure:2919: result: g++
configure:2950: checking for C++ compiler version
configure:2957: g++ --version >&5
g++ (GCC) 4.6.1
Copyright (C) 2011 Free Software Foundation, Inc.
This is free software; see the source for copying conditions.  There is NO
warranty; not even for MERCHANTABILITY or FITNESS FOR A PARTICULAR PURPOSE.

configure:2960: $? = 0
configure:2967: g++ -v >&5
Using built-in specs.
COLLECT_GCC=g++
COLLECT_LTO_WRAPPER=/usr/lib/gcc/x86_64-unknown-linux-gnu/4.6.1/lto-wrapper
Target: x86_64-unknown-linux-gnu
Configured with: /build/src/gcc-4.6.1/configure --prefix=/usr --libdir=/usr/lib --libexecdir=/usr/lib --mandir=/usr/share/man --infodir=/usr/share/info --with-bugurl=https://bugs.archlinux.org/ --enable-languages=c,c++,ada,fortran,go,lto,objc,obj-c++ --enable-shared --enable-threads=posix --with-system-zlib --enable-__cxa_atexit --disable-libunwind-exceptions --enable-clocale=gnu --enable-gnu-unique-object --enable-linker-build-id --with-ppl --enable-cloog-backend=isl --enable-lto --enable-gold --enable-ld=default --enable-plugin --with-plugin-ld=ld.gold --enable-multilib --disable-libstdcxx-pch --enable-checking=release
Thread model: posix
gcc version 4.6.1 (GCC) 
configure:2970: $? = 0
configure:2977: g++ -V >&5
g++: error: unrecognized option '-V'
g++: fatal error: no input files
compilation terminated.
configure:2980: $? = 1
configure:2983: checking whether we are using the GNU C++ compiler
configure:3012: g++ -c   conftest.cpp >&5
configure:3018: $? = 0
configure:3035: result: yes
configure:3040: checking whether g++ accepts -g
configure:3070: g++ -c -g  conftest.cpp >&5
configure:3076: $? = 0
configure:3175: result: yes
configure:3417: checking whether g++ accepts -O3
configure:3461: g++ -o conftest   -O3   conftest.cpp  >&5
configure:3464: $? = 0
configure:3470: ./conftest
configure:3473: $? = 0
configure:3496: result: yes
configure:3681: checking whether g++ accepts -fomit-frame-pointer
configure:3725: g++ -o conftest   -fomit-frame-pointer   conftest.cpp  >&5
configure:3728: $? = 0
configure:3734: ./conftest
configure:3737: $? = 0
configure:3760: result: yes
configure:3963: checking whether g++ accepts -fno-exceptions
configure:4007: g++ -o conftest   -fno-exceptions   conftest.cpp  >&5
configure:4010: $? = 0
configure:4016: ./conftest
configure:4019: $? = 0
configure:4042: result: yes
configure:4051: checking whether g++ accepts -fno-rtti
configure:4095: g++ -o conftest   -fno-rtti   conftest.cpp  >&5
configure:4098: $? = 0
configure:4104: ./conftest
configure:4107: $? = 0
configure:4130: result: yes
configure:4139: checking whether g++ accepts -pedantic
configure:4183: g++ -o conftest   -pedantic   conftest.cpp  >&5
configure:4186: $? = 0
configure:4192: ./conftest
configure:4195: $? = 0
configure:4218: result: yes
configure:4227: checking whether g++ accepts -Wall
configure:4271: g++ -o conftest   -Wall   conftest.cpp  >&5
configure:4274: $? = 0
configure:4280: ./conftest
configure:4283: $? = 0
configure:4306: result: yes
configure:4315: checking whether g++ accepts -W
configure:4359: g++ -o conftest   -W   conftest.cpp  >&5
configure:4362: $? = 0
configure:4368: ./conftest
configure:4371: $? = 0
configure:4394: result: yes
configure:4403: checking whether g++ accepts -Wno-unused-parameter
configure:4447: g++ -o conftest   -Wno-unused-parameter   conftest.cpp  >&5
configure:4450: $? = 0
configure:4456: ./conftest
configure:4459: $? = 0
configure:4482: result: yes
configure:4493: checking whether the CPU is x86
configure:4512: result: no
configure:4590: checking whether the OS is Linux
configure:4609: result: yes
configure:4673: checking how to run the C++ preprocessor
configure:4709: g++ -E  conftest.cpp
configure:4715: $? = 0
configure:4746: g++ -E  conftest.cpp
conftest.cpp:8:28: fatal error: ac_nonexistent.h: No such file or directory
compilation terminated.
configure:4752: $? = 1
configure: failed program was:
| /* confdefs.h.  */
| #define PACKAGE_NAME "Snes9x"
| #define PACKAGE_TARNAME "snes9x"
| #define PACKAGE_VERSION "1.52"
| #define PACKAGE_STRING "Snes9x 1.52"
| #define PACKAGE_BUGREPORT ""
| /* end confdefs.h.  */
| #include <ac_nonexistent.h>
configure:4785: result: g++ -E
configure:4814: g++ -E  conftest.cpp
configure:4820: $? = 0
configure:4851: g++ -E  conftest.cpp
conftest.cpp:8:28: fatal error: ac_nonexistent.h: No such file or directory
compilation terminated.
configure:4857: $? = 1
configure: failed program was:
| /* confdefs.h.  */
| #define PACKAGE_NAME "Snes9x"
| #define PACKAGE_TARNAME "snes9x"
| #define PACKAGE_VERSION "1.52"
| #define PACKAGE_STRING "Snes9x 1.52"
| #define PACKAGE_BUGREPORT ""
| /* end confdefs.h.  */
| #include <ac_nonexistent.h>
configure:4895: checking for grep that handles long lines and -e
configure:4969: result: /bin/grep
configure:4974: checking for egrep
configure:5052: result: /bin/grep -E
configure:5057: checking for ANSI C header files
configure:5087: g++ -c    conftest.cpp >&5
configure:5093: $? = 0
configure:5192: g++ -o conftest     conftest.cpp  >&5
configure:5195: $? = 0
configure:5201: ./conftest
configure:5204: $? = 0
configure:5221: result: yes
configure:5245: checking for sys/types.h
configure:5266: g++ -c    conftest.cpp >&5
configure:5272: $? = 0
configure:5288: result: yes
configure:5245: checking for sys/stat.h
configure:5266: g++ -c    conftest.cpp >&5
configure:5272: $? = 0
configure:5288: result: yes
configure:5245: checking for stdlib.h
configure:5266: g++ -c    conftest.cpp >&5
configure:5272: $? = 0
configure:5288: result: yes
configure:5245: checking for string.h
configure:5266: g++ -c    conftest.cpp >&5
configure:5272: $? = 0
configure:5288: result: yes
configure:5245: checking for memory.h
configure:5266: g++ -c    conftest.cpp >&5
configure:5272: $? = 0
configure:5288: result: yes
configure:5245: checking for strings.h
configure:5266: g++ -c    conftest.cpp >&5
configure:5272: $? = 0
configure:5288: result: yes
configure:5245: checking for inttypes.h
configure:5266: g++ -c    conftest.cpp >&5
configure:5272: $? = 0
configure:5288: result: yes
configure:5245: checking for stdint.h
configure:5266: g++ -c    conftest.cpp >&5
configure:5272: $? = 0
configure:5288: result: yes
configure:5245: checking for unistd.h
configure:5266: g++ -c    conftest.cpp >&5
configure:5272: $? = 0
configure:5288: result: yes
configure:5314: checking zlib.h usability
configure:5331: g++ -c    conftest.cpp >&5
configure:5337: $? = 0
configure:5351: result: yes
configure:5355: checking zlib.h presence
configure:5370: g++ -E  conftest.cpp
configure:5376: $? = 0
configure:5390: result: yes
configure:5418: checking for zlib.h
configure:5425: result: yes
configure:5430: checking for gzread in -lz
configure:5465: g++ -o conftest     conftest.cpp -lz   >&5
configure:5471: $? = 0
configure:5489: result: yes
configure:5584: checking png.h usability
configure:5601: g++ -c    conftest.cpp >&5
configure:5607: $? = 0
configure:5621: result: yes
configure:5625: checking png.h presence
configure:5640: g++ -E  conftest.cpp
configure:5646: $? = 0
configure:5660: result: yes
configure:5688: checking for png.h
configure:5695: result: yes
configure:5700: checking for png_init_io in -lpng
configure:5735: g++ -o conftest     conftest.cpp -lpng   >&5
configure:5741: $? = 0
configure:5759: result: yes
configure:5797: checking for mkstemp
configure:5853: g++ -o conftest     conftest.cpp  >&5
configure:5859: $? = 0
configure:5876: result: yes
configure:5887: checking for X
configure:6002: g++ -E  conftest.cpp
configure:6008: $? = 0
configure:6057: g++ -o conftest     conftest.cpp -lX11  >&5
configure:6063: $? = 0
configure:6122: result: libraries , headers 
configure:6283: g++ -o conftest     conftest.cpp   -lX11 >&5
configure:6289: $? = 0
configure:6446: checking for gethostbyname
configure:6502: g++ -o conftest     conftest.cpp  >&5
configure:6508: $? = 0
configure:6525: result: yes
configure:6670: checking for connect
configure:6726: g++ -o conftest     conftest.cpp  >&5
configure:6732: $? = 0
configure:6749: result: yes
configure:6821: checking for remove
configure:6877: g++ -o conftest     conftest.cpp  >&5
configure:6883: $? = 0
configure:6900: result: yes
configure:6972: checking for shmat
configure:7028: g++ -o conftest     conftest.cpp  >&5
configure:7034: $? = 0
configure:7051: result: yes
configure:7132: checking for IceConnectionNumber in -lICE
configure:7167: g++ -o conftest     conftest.cpp -lICE   >&5
configure:7173: $? = 0
configure:7191: result: yes
configure:7215: checking for strings.h
configure:7220: result: yes
configure:7357: checking sys/ioctl.h usability
configure:7374: g++ -c    conftest.cpp >&5
configure:7380: $? = 0
configure:7394: result: yes
configure:7398: checking sys/ioctl.h presence
configure:7413: g++ -E  conftest.cpp
configure:7419: $? = 0
configure:7433: result: yes
configure:7461: checking for sys/ioctl.h
configure:7468: result: yes
configure:7481: checking for stdint.h
configure:7486: result: yes
configure:7620: checking for unistd.h
configure:7626: result: yes
configure:7630: checking sys/socket.h usability
configure:7647: g++ -c    conftest.cpp >&5
configure:7653: $? = 0
configure:7667: result: yes
configure:7671: checking sys/socket.h presence
configure:7686: g++ -E  conftest.cpp
configure:7692: $? = 0
configure:7706: result: yes
configure:7734: checking for sys/socket.h
configure:7742: result: yes
configure:7831: checking whether right shift int8 is arithmetic
configure:7884: g++ -o conftest   -DHAVE_STDINT_H   conftest.cpp  >&5
configure:7887: $? = 0
configure:7893: ./conftest
configure:7896: $? = 0
configure:7919: result: yes
configure:7924: checking whether right shift int16 is arithmetic
configure:7977: g++ -o conftest   -DHAVE_STDINT_H   conftest.cpp  >&5
configure:7980: $? = 0
configure:7986: ./conftest
configure:7989: $? = 0
configure:8012: result: yes
configure:8017: checking whether right shift int32 is arithmetic
configure:8070: g++ -o conftest   -DHAVE_STDINT_H   conftest.cpp  >&5
configure:8073: $? = 0
configure:8079: ./conftest
configure:8082: $? = 0
configure:8105: result: yes
configure:8110: checking whether right shift int64 is arithmetic
configure:8163: g++ -o conftest   -DHAVE_STDINT_H   conftest.cpp  >&5
configure:8166: $? = 0
configure:8172: ./conftest
configure:8175: $? = 0
configure:8198: result: yes
configure:8222: checking whether sound is supported on this platform
configure:8225: result: yes
configure:8247: checking pthread.h usability
configure:8264: g++ -c    conftest.cpp >&5
configure:8270: $? = 0
configure:8284: result: yes
configure:8288: checking pthread.h presence
configure:8303: g++ -E  conftest.cpp
configure:8309: $? = 0
configure:8323: result: yes
configure:8351: checking for pthread.h
configure:8358: result: yes
configure:8555: creating ./config.status

## ---------------------- ##
## Running config.status. ##
## ---------------------- ##

This file was extended by Snes9x config.status 1.52, which was
generated by GNU Autoconf 2.61.  Invocation command line was

  CONFIG_FILES    = 
  CONFIG_HEADERS  = 
  CONFIG_LINKS    = 
  CONFIG_COMMANDS = 
  $ ./config.status 

on hp

config.status:604: creating Makefile

## ---------------- ##
## Cache variables. ##
## ---------------- ##

ac_cv_build=x86_64-unknown-linux-gnu
ac_cv_c_compiler_gnu=yes
ac_cv_cxx_compiler_gnu=yes
ac_cv_env_CCC_set=
ac_cv_env_CCC_value=
ac_cv_env_CC_set=
ac_cv_env_CC_value=
ac_cv_env_CFLAGS_set=
ac_cv_env_CFLAGS_value=
ac_cv_env_CPPFLAGS_set=
ac_cv_env_CPPFLAGS_value=
ac_cv_env_CXXCPP_set=
ac_cv_env_CXXCPP_value=
ac_cv_env_CXXFLAGS_set=
ac_cv_env_CXXFLAGS_value=
ac_cv_env_CXX_set=
ac_cv_env_CXX_value=
ac_cv_env_LDFLAGS_set=
ac_cv_env_LDFLAGS_value=
ac_cv_env_LIBS_set=
ac_cv_env_LIBS_value=
ac_cv_env_XMKMF_set=
ac_cv_env_XMKMF_value=
ac_cv_env_build_alias_set=
ac_cv_env_build_alias_value=
ac_cv_env_host_alias_set=
ac_cv_env_host_alias_value=
ac_cv_env_target_alias_set=
ac_cv_env_target_alias_value=
ac_cv_func_connect=yes
ac_cv_func_gethostbyname=yes
ac_cv_func_mkstemp=yes
ac_cv_func_remove=yes
ac_cv_func_shmat=yes
ac_cv_have_x='have_x=yes	ac_x_includes='\'''\''	ac_x_libraries='\'''\'''
ac_cv_header_inttypes_h=yes
ac_cv_header_memory_h=yes
ac_cv_header_png_h=yes
ac_cv_header_pthread_h=yes
ac_cv_header_stdc=yes
ac_cv_header_stdint_h=yes
ac_cv_header_stdlib_h=yes
ac_cv_header_string_h=yes
ac_cv_header_strings_h=yes
ac_cv_header_sys_ioctl_h=yes
ac_cv_header_sys_socket_h=yes
ac_cv_header_sys_stat_h=yes
ac_cv_header_sys_types_h=yes
ac_cv_header_unistd_h=yes
ac_cv_header_zlib_h=yes
ac_cv_host=x86_64-unknown-linux-gnu
ac_cv_lib_ICE_IceConnectionNumber=yes
ac_cv_lib_png_png_init_io=yes
ac_cv_lib_z_gzread=yes
ac_cv_objext=o
ac_cv_path_EGREP='/bin/grep -E'
ac_cv_path_GREP=/bin/grep
ac_cv_prog_CXXCPP='g++ -E'
ac_cv_prog_ac_ct_CC=gcc
ac_cv_prog_ac_ct_CXX=g++
ac_cv_prog_cc_c89=
ac_cv_prog_cc_g=yes
ac_cv_prog_cxx_g=yes
ac_cv_target=x86_64-unknown-linux-gnu
snes9x_cv_libpng=yes
snes9x_cv_linux_os=yes
snes9x_cv_option_W=yes
snes9x_cv_option_Wall=yes
snes9x_cv_option_Wno_unused_parameter=yes
snes9x_cv_option_no_exceptions=yes
snes9x_cv_option_no_rtti=yes
snes9x_cv_option_o3=yes
snes9x_cv_option_omit_frame_pointer=yes
snes9x_cv_option_pedantic=yes
snes9x_cv_x86_cpu=no
snes9x_cv_zlib=yes

## ----------------- ##
## Output variables. ##
## ----------------- ##

CC='gcc'
CFLAGS=' '
CPPFLAGS=''
CXX='g++'
CXXCPP='g++ -E'
CXXFLAGS=' '
DEFS='-DPACKAGE_NAME=\"Snes9x\" -DPACKAGE_TARNAME=\"snes9x\" -DPACKAGE_VERSION=\"1.52\" -DPACKAGE_STRING=\"Snes9x\ 1.52\" -DPACKAGE_BUGREPORT=\"\" -DSTDC_HEADERS=1 -DHAVE_SYS_TYPES_H=1 -DHAVE_SYS_STAT_H=1 -DHAVE_STDLIB_H=1 -DHAVE_STRING_H=1 -DHAVE_MEMORY_H=1 -DHAVE_STRINGS_H=1 -DHAVE_INTTYPES_H=1 -DHAVE_STDINT_H=1 -DHAVE_UNISTD_H=1 -DHAVE_UNISTD_H=1 -DHAVE_SYS_SOCKET_H=1'
ECHO_C=''
ECHO_N='-n'
ECHO_T=''
EGREP='/bin/grep -E'
EXEEXT=''
GREP='/bin/grep'
LDFLAGS=''
LIBOBJS=''
LIBS=''
LTLIBOBJS=''
OBJEXT='o'
PACKAGE_BUGREPORT=''
PACKAGE_NAME='Snes9x'
PACKAGE_STRING='Snes9x 1.52'
PACKAGE_TARNAME='snes9x'
PACKAGE_VERSION='1.52'
PATH_SEPARATOR=':'
S9XDEBUGGER='#S9XDEBUGGER=1'
S9XDEFS='-DJOYSTICK_SUPPORT -DZLIB -DUNZIP_SUPPORT -DJMA_SUPPORT -DHAVE_LIBPNG -DHAVE_MKSTEMP -DHAVE_STRINGS_H -DHAVE_SYS_IOCTL_H -DHAVE_STDINT_H -DRIGHTSHIFT_IS_SAR -DUSE_THREADS'
S9XFLGS='-O3 -fomit-frame-pointer -fno-exceptions -fno-rtti -pedantic -Wall -W -Wno-unused-parameter '
S9XJMA='S9XJMA=1'
S9XLIBS='-lz -lpng -lSM -lICE -lX11 -lXext -lpthread'
S9XNASM=''
S9XNETPLAY='#S9XNETPLAY=1'
S9XZIP='S9XZIP=1'
S9XZSNESC4='#S9XZSNESC4=1'
S9XZSNESFX='#S9XZSNESFX=1'
SHELL='/bin/sh'
XMKMF=''
X_CFLAGS=''
X_EXTRA_LIBS=''
X_LIBS=''
X_PRE_LIBS=' -lSM -lICE'
ac_ct_CC='gcc'
ac_ct_CXX='g++'
bindir='${exec_prefix}/bin'
build='x86_64-unknown-linux-gnu'
build_alias=''
build_cpu='x86_64'
build_os='linux-gnu'
build_vendor='unknown'
datadir='${datarootdir}'
datarootdir='${prefix}/share'
docdir='${datarootdir}/doc/${PACKAGE_TARNAME}'
dvidir='${docdir}'
exec_prefix='${prefix}'
host='x86_64-unknown-linux-gnu'
host_alias=''
host_cpu='x86_64'
host_os='linux-gnu'
host_vendor='unknown'
htmldir='${docdir}'
includedir='${prefix}/include'
infodir='${datarootdir}/info'
libdir='${exec_prefix}/lib'
libexecdir='${exec_prefix}/libexec'
localedir='${datarootdir}/locale'
localstatedir='${prefix}/var'
mandir='${datarootdir}/man'
oldincludedir='/usr/include'
pdfdir='${docdir}'
prefix='/usr/local'
program_transform_name='s,x,x,'
psdir='${docdir}'
sbindir='${exec_prefix}/sbin'
sharedstatedir='${prefix}/com'
sysconfdir='${prefix}/etc'
target='x86_64-unknown-linux-gnu'
target_alias=''
target_cpu='x86_64'
target_os='linux-gnu'
target_vendor='unknown'

## ----------- ##
## confdefs.h. ##
## ----------- ##

#define PACKAGE_NAME "Snes9x"
#define PACKAGE_TARNAME "snes9x"
#define PACKAGE_VERSION "1.52"
#define PACKAGE_STRING "Snes9x 1.52"
#define PACKAGE_BUGREPORT ""
#define STDC_HEADERS 1
#define HAVE_SYS_TYPES_H 1
#define HAVE_SYS_STAT_H 1
#define HAVE_STDLIB_H 1
#define HAVE_STRING_H 1
#define HAVE_MEMORY_H 1
#define HAVE_STRINGS_H 1
#define HAVE_INTTYPES_H 1
#define HAVE_STDINT_H 1
#define HAVE_UNISTD_H 1
#define HAVE_UNISTD_H 1
#define HAVE_SYS_SOCKET_H 1

configure: exit 0
